<?xml version="1.0" encoding="UTF-8"?>
<!-- Generated by org.testng.reporters.JUnitReportReporter -->
<testsuite hostname="LAPTOP-6OACLVLF" failures="0" tests="1" name="com.AppTest.AppTest" time="22.220" errors="0" timestamp="2020-12-08T05:55:20 IST" skipped="0">
  <testcase classname="com.AppTest.AppTest" name="verifyTest" time="22.220"/>
  <system-out/>
</testsuite> <!-- com.AppTest.AppTest -->
