<?xml version="1.0" encoding="UTF-8"?>
<!-- Generated by org.testng.reporters.JUnitReportReporter -->
<testsuite hostname="LAPTOP-6OACLVLF" failures="0" tests="1" name="com.AppTest.AppTest" time="7.868" errors="0" timestamp="2020-12-07T20:49:30 IST" skipped="0">
  <testcase classname="com.AppTest.AppTest" name="verifyTest" time="7.868"/>
  <system-out>
Login Button performed successfully  </system-out>
</testsuite> <!-- com.AppTest.AppTest -->
