<?xml version="1.0" encoding="UTF-8"?>
<!-- Generated by org.testng.reporters.JUnitReportReporter -->
<testsuite hostname="LAPTOP-6OACLVLF" failures="0" tests="1" name="com.myApp.TestScripts.TestScripts" time="15.599" errors="0" timestamp="2020-12-07T21:43:26 IST" skipped="0">
  <testcase classname="com.myApp.TestScripts.TestScripts" name="createSampleFormCustomer" time="15.599"/>
</testsuite> <!-- com.myApp.TestScripts.TestScripts -->
